This file contains any messages produced by compilers while
running configure, to aid debugging if configure makes a mistake.

It was created by onig configure 5.9.6, which was
generated by GNU Autoconf 2.68.  Invocation command line was

  $ ./configure 

## --------- ##
## Platform. ##
## --------- ##

hostname = Benjamins-MBP-2.attlocal.net
uname -m = x86_64
uname -r = 14.5.0
uname -s = Darwin
uname -v = Darwin Kernel Version 14.5.0: Wed Jul 29 02:26:53 PDT 2015; root:xnu-2782.40.9~1/RELEASE_X86_64

/usr/bin/uname -p = i386
/bin/uname -X     = unknown

/bin/arch              = unknown
/usr/bin/arch -k       = unknown
/usr/convex/getsysinfo = unknown
/usr/bin/hostinfo      = Mach kernel version:
	 Darwin Kernel Version 14.5.0: Wed Jul 29 02:26:53 PDT 2015; root:xnu-2782.40.9~1/RELEASE_X86_64
Kernel configured for up to 4 processors.
2 processors are physically available.
4 processors are logically available.
Processor type: x86_64h (Intel x86-64h Haswell)
Processors active: 0 1 2 3
Primary memory available: 8.00 gigabytes
Default processor set: 251 tasks, 1352 threads, 4 processors
Load average: 2.31, Mach factor: 2.01
/bin/machine           = unknown
/usr/bin/oslevel       = unknown
/bin/universe          = unknown

PATH: /Users/benjamincoe/Downloads/emsdk-portable/emscripten/1.37.9/system/bin
PATH: /Users/benjamincoe/Downloads/emsdk-portable
PATH: /Users/benjamincoe/Downloads/emsdk-portable/clang/e1.37.9_64bit
PATH: /Users/benjamincoe/Downloads/emsdk-portable/node/4.1.1_64bit/bin
PATH: /Users/benjamincoe/Downloads/emsdk-portable/emscripten/1.37.9
PATH: /Users/benjamincoe/.rvm/gems/ruby-2.4.0/bin
PATH: /Users/benjamincoe/.rvm/gems/ruby-2.4.0@global/bin
PATH: /Users/benjamincoe/.rvm/rubies/ruby-2.4.0/bin
PATH: /Users/benjamincoe/go//bin
PATH: /Users/benjamincoe/Downloads/google-cloud-sdk/bin
PATH: /Users/benjamincoe/.nvm/versions/node/v7.1.0/bin
PATH: /usr/local/bin
PATH: /usr/bin
PATH: /bin
PATH: /usr/sbin
PATH: /sbin
PATH: /usr/local/go/bin
PATH: /Users/benjamincoe/.rvm/bin


## ----------- ##
## Core tests. ##
## ----------- ##

configure:2463: checking for a BSD-compatible install
configure:2531: result: /usr/local/bin/ginstall -c
configure:2542: checking whether build environment is sane
configure:2592: result: yes
configure:2733: checking for a thread-safe mkdir -p
configure:2772: result: /usr/local/bin/gmkdir -p
configure:2785: checking for gawk
configure:2815: result: no
configure:2785: checking for mawk
configure:2815: result: no
configure:2785: checking for nawk
configure:2815: result: no
configure:2785: checking for awk
configure:2801: found /usr/bin/awk
configure:2812: result: awk
configure:2823: checking whether make sets $(MAKE)
configure:2845: result: yes
configure:3018: checking for gcc
configure:3045: result: /Users/benjamincoe/Downloads/emsdk-portable/emscripten/1.37.9/emcc
configure:3274: checking for C compiler version
configure:3283: /Users/benjamincoe/Downloads/emsdk-portable/emscripten/1.37.9/emcc --version >&5
emcc (Emscripten gcc/clang-like replacement) 1.37.9 ()
Copyright (C) 2014 the Emscripten authors (see AUTHORS.txt)
This is free and open source software under the MIT license.
There is NO warranty; not even for MERCHANTABILITY or FITNESS FOR A PARTICULAR PURPOSE.
  
configure:3294: $? = 0
configure:3283: /Users/benjamincoe/Downloads/emsdk-portable/emscripten/1.37.9/emcc -v >&5
emcc (Emscripten gcc/clang-like replacement + linker emulating GNU ld) 1.37.9
clang version 4.0.0  (emscripten 1.37.9 : 1.37.9)
Target: x86_64-apple-darwin14.5.0
Thread model: posix
InstalledDir: /Users/benjamincoe/Downloads/emsdk-portable/clang/e1.37.9_64bit
INFO:root:(Emscripten: Running sanity checks)
configure:3294: $? = 0
configure:3283: /Users/benjamincoe/Downloads/emsdk-portable/emscripten/1.37.9/emcc -V >&5
ERROR:root:no input files
note that input files without a known suffix are ignored, make sure your input files end with one of: ('.c', '.C', '.i', '.cpp', '.cxx', '.cc', '.c++', '.CPP', '.CXX', '.CC', '.C++', '.ii', '.m', '.mi', '.mm', '.mii', '/dev/null', '.bc', '.o', '.obj', '.lo', '.dylib', '.so', '.a', '.ll', '.h', '.hxx', '.hpp', '.hh', '.H', '.HXX', '.HPP', '.HH')
configure:3294: $? = 1
configure:3283: /Users/benjamincoe/Downloads/emsdk-portable/emscripten/1.37.9/emcc -qversion >&5
ERROR:root:no input files
note that input files without a known suffix are ignored, make sure your input files end with one of: ('.c', '.C', '.i', '.cpp', '.cxx', '.cc', '.c++', '.CPP', '.CXX', '.CC', '.C++', '.ii', '.m', '.mi', '.mm', '.mii', '/dev/null', '.bc', '.o', '.obj', '.lo', '.dylib', '.so', '.a', '.ll', '.h', '.hxx', '.hpp', '.hh', '.H', '.HXX', '.HPP', '.HH')
configure:3294: $? = 1
configure:3314: checking whether the C compiler works
configure:3336: /Users/benjamincoe/Downloads/emsdk-portable/emscripten/1.37.9/emcc    conftest.c  >&5
configure:3340: $? = 0
configure:3388: result: yes
configure:3391: checking for C compiler default output file name
configure:3393: result: a.out
configure:3399: checking for suffix of executables
configure:3406: /Users/benjamincoe/Downloads/emsdk-portable/emscripten/1.37.9/emcc -o conftest    conftest.c  >&5
configure:3410: $? = 0
configure:3432: result: 
configure:3454: checking whether we are cross compiling
configure:3462: /Users/benjamincoe/Downloads/emsdk-portable/emscripten/1.37.9/emcc -o conftest    conftest.c  >&5
ld: unknown option: -no_deduplicate
clang: error: linker command failed with exit code 1 (use -v to see invocation)
configure:3466: $? = 1
configure:3473: ./conftest
./configure: line 3475: ./conftest: No such file or directory
configure:3477: $? = 127
configure:3484: error: in `/Users/benjamincoe/bcoe/node-oniguruma/deps/onig':
configure:3486: error: cannot run C compiled programs.
If you meant to cross compile, use `--host'.
See `config.log' for more details

## ---------------- ##
## Cache variables. ##
## ---------------- ##

ac_cv_env_CC_set=set
ac_cv_env_CC_value=/Users/benjamincoe/Downloads/emsdk-portable/emscripten/1.37.9/emcc
ac_cv_env_CFLAGS_set=set
ac_cv_env_CFLAGS_value=
ac_cv_env_CPPFLAGS_set=
ac_cv_env_CPPFLAGS_value=
ac_cv_env_CPP_set=
ac_cv_env_CPP_value=
ac_cv_env_LDFLAGS_set=
ac_cv_env_LDFLAGS_value=
ac_cv_env_LIBS_set=
ac_cv_env_LIBS_value=
ac_cv_env_build_alias_set=
ac_cv_env_build_alias_value=
ac_cv_env_host_alias_set=
ac_cv_env_host_alias_value=
ac_cv_env_target_alias_set=
ac_cv_env_target_alias_value=
ac_cv_path_install='/usr/local/bin/ginstall -c'
ac_cv_path_mkdir=/usr/local/bin/gmkdir
ac_cv_prog_AWK=awk
ac_cv_prog_ac_ct_CC=/Users/benjamincoe/Downloads/emsdk-portable/emscripten/1.37.9/emcc
ac_cv_prog_make_make_set=yes

## ----------------- ##
## Output variables. ##
## ----------------- ##

ACLOCAL='${SHELL} /Users/benjamincoe/bcoe/node-oniguruma/deps/onig/missing --run aclocal-1.11'
ALLOCA=''
AMDEPBACKSLASH=''
AMDEP_FALSE=''
AMDEP_TRUE=''
AMTAR='$${TAR-tar}'
AR='/Users/benjamincoe/Downloads/emsdk-portable/emscripten/1.37.9/emar'
AUTOCONF='${SHELL} /Users/benjamincoe/bcoe/node-oniguruma/deps/onig/missing --run autoconf'
AUTOHEADER='${SHELL} /Users/benjamincoe/bcoe/node-oniguruma/deps/onig/missing --run autoheader'
AUTOMAKE='${SHELL} /Users/benjamincoe/bcoe/node-oniguruma/deps/onig/missing --run automake-1.11'
AWK='awk'
CC='/Users/benjamincoe/Downloads/emsdk-portable/emscripten/1.37.9/emcc'
CCDEPMODE=''
CFLAGS=''
CPP=''
CPPFLAGS=''
CYGPATH_W='echo'
DEFS=''
DEPDIR=''
DLLTOOL=''
DSYMUTIL=''
DUMPBIN=''
ECHO_C='\c'
ECHO_N=''
ECHO_T=''
EGREP=''
EXEEXT=''
FGREP=''
GREP=''
INSTALL_DATA='${INSTALL} -m 644'
INSTALL_PROGRAM='${INSTALL}'
INSTALL_SCRIPT='${INSTALL}'
INSTALL_STRIP_PROGRAM='$(install_sh) -c -s'
LD='/Users/benjamincoe/Downloads/emsdk-portable/emscripten/1.37.9/emcc'
LDFLAGS=''
LIBOBJS=''
LIBS=''
LIBTOOL=''
LIPO=''
LN_S=''
LTLIBOBJS=''
LTVERSION=''
MAKEINFO='${SHELL} /Users/benjamincoe/bcoe/node-oniguruma/deps/onig/missing --run makeinfo'
MANIFEST_TOOL=''
MKDIR_P='/usr/local/bin/gmkdir -p'
NM='/Users/benjamincoe/Downloads/emsdk-portable/clang/e1.37.9_64bit/llvm-nm'
NMEDIT=''
OBJDUMP=''
OBJEXT=''
OTOOL64=''
OTOOL=''
PACKAGE='onig'
PACKAGE_BUGREPORT=''
PACKAGE_NAME='onig'
PACKAGE_STRING='onig 5.9.6'
PACKAGE_TARNAME='onig'
PACKAGE_URL=''
PACKAGE_VERSION='5.9.6'
PATH_SEPARATOR=':'
RANLIB='/Users/benjamincoe/Downloads/emsdk-portable/emscripten/1.37.9/emranlib'
RUBYDIR='..'
SED=''
SET_MAKE=''
SHELL='/bin/sh'
STATISTICS=''
STRIP=''
VERSION='5.9.6'
ac_ct_AR=''
ac_ct_CC='/Users/benjamincoe/Downloads/emsdk-portable/emscripten/1.37.9/emcc'
ac_ct_DUMPBIN=''
am__EXEEXT_FALSE=''
am__EXEEXT_TRUE=''
am__fastdepCC_FALSE=''
am__fastdepCC_TRUE=''
am__include=''
am__isrc=''
am__leading_dot='.'
am__nodep=''
am__quote=''
am__tar='$${TAR-tar} chof - "$$tardir"'
am__untar='$${TAR-tar} xf -'
bindir='${exec_prefix}/bin'
build=''
build_alias=''
build_cpu=''
build_os=''
build_vendor=''
datadir='${datarootdir}'
datarootdir='${prefix}/share'
docdir='${datarootdir}/doc/${PACKAGE_TARNAME}'
dvidir='${docdir}'
exec_prefix='NONE'
host=''
host_alias=''
host_cpu=''
host_os=''
host_vendor=''
htmldir='${docdir}'
includedir='${prefix}/include'
infodir='${datarootdir}/info'
install_sh='${SHELL} /Users/benjamincoe/bcoe/node-oniguruma/deps/onig/install-sh'
libdir='${exec_prefix}/lib'
libexecdir='${exec_prefix}/libexec'
localedir='${datarootdir}/locale'
localstatedir='${prefix}/var'
mandir='${datarootdir}/man'
mkdir_p='/usr/local/bin/gmkdir -p'
oldincludedir='/usr/include'
pdfdir='${docdir}'
prefix='NONE'
program_transform_name='s,x,x,'
psdir='${docdir}'
sbindir='${exec_prefix}/sbin'
sharedstatedir='${prefix}/com'
sysconfdir='${prefix}/etc'
target_alias=''

## ----------- ##
## confdefs.h. ##
## ----------- ##

/* confdefs.h */
#define PACKAGE_NAME "onig"
#define PACKAGE_TARNAME "onig"
#define PACKAGE_VERSION "5.9.6"
#define PACKAGE_STRING "onig 5.9.6"
#define PACKAGE_BUGREPORT ""
#define PACKAGE_URL ""
#define PACKAGE "onig"
#define VERSION "5.9.6"

configure: exit 1
